Base path: E:/Apps/Unity/Editor/Data
Pipe name: \\.\pipe\UnityShaderCompiler-4-948
Cmd: getPlatforms
Cmd: compileSnippet
  api=0 type=0 insize=7190 outsize=5418 kw=DIRECTIONAL SHADOWS_OFF LIGHTMAP_ON DIRLIGHTMAP_ON ok=1
Cmd: compileSnippet
  api=1 type=0 insize=7190 outsize=2423 kw=DIRECTIONAL SHADOWS_SCREEN LIGHTMAP_OFF DIRLIGHTMAP_OFF VERTEXLIGHT_ON ok=1
Cmd: compileSnippet
  api=0 type=1 insize=7190 outsize=6 kw=DIRECTIONAL SHADOWS_OFF LIGHTMAP_ON DIRLIGHTMAP_OFF ok=1
Cmd: compileSnippet
  api=4 type=1 insize=7190 outsize=5142 kw=DIRECTIONAL SHADOWS_SCREEN LIGHTMAP_OFF DIRLIGHTMAP_OFF ok=1
Cmd: compileSnippet
  api=0 type=0 insize=5041 outsize=4921 kw=DIRECTIONAL ok=1
Cmd: compileSnippet
  api=4 type=0 insize=5041 outsize=6352 kw=POINT_COOKIE ok=1
Cmd: compileSnippet
  api=0 type=1 insize=5041 outsize=6 kw=SPOT ok=1
Cmd: compileSnippet
  api=0 type=1 insize=5041 outsize=6 kw=DIRECTIONAL_COOKIE ok=1
Cmd: compileSnippet
  api=4 type=1 insize=5041 outsize=4938 kw=DIRECTIONAL_COOKIE ok=1
Cmd: compileSnippet
  api=0 type=1 insize=4319 outsize=6 kw= ok=1
Cmd: compileSnippet
  api=0 type=0 insize=6821 outsize=5963 kw=LIGHTMAP_ON DIRLIGHTMAP_ON HDR_LIGHT_PREPASS_OFF ok=1
Cmd: compileSnippet
  api=0 type=0 insize=6821 outsize=6202 kw=LIGHTMAP_ON DIRLIGHTMAP_OFF HDR_LIGHT_PREPASS_ON ok=1
Cmd: compileSnippet
  api=4 type=1 insize=6821 outsize=5710 kw=LIGHTMAP_ON DIRLIGHTMAP_OFF HDR_LIGHT_PREPASS_OFF ok=1
Unhandled exception: Readfile from pipe failed. GLE=The pipe has been ended.


Quitting shader compiler process
